0 info it worked if it ends with ok
1 verbose cli [ 'C:\\Program Files\\nodejs\\node.exe',
1 verbose cli   'C:\\Program Files\\nodejs\\node_modules\\npm\\bin\\npm-cli.js',
1 verbose cli   'run',
1 verbose cli   'dev' ]
2 info using npm@3.10.3
3 info using node@v6.3.1
4 verbose run-script [ 'predev', 'dev', 'postdev' ]
5 info lifecycle new_npm@1.0.0~predev: new_npm@1.0.0
6 silly lifecycle new_npm@1.0.0~predev: no script for predev, continuing
7 info lifecycle new_npm@1.0.0~dev: new_npm@1.0.0
8 verbose lifecycle new_npm@1.0.0~dev: unsafe-perm in lifecycle true
9 verbose lifecycle new_npm@1.0.0~dev: PATH: C:\Program Files\nodejs\node_modules\npm\bin\node-gyp-bin;C:\wamp64\www\sunzinet\node_modules\.bin;C:\Program Files\nodejs;C:\Program Files (x86)\Intel\iCLS Client\;C:\Program Files\Intel\iCLS Client\;C:\WINDOWS\system32;C:\WINDOWS;C:\WINDOWS\System32\Wbem;C:\WINDOWS\System32\WindowsPowerShell\v1.0\;C:\Program Files (x86)\Intel\Intel(R) Management Engine Components\DAL;C:\Program Files\Intel\Intel(R) Management Engine Components\DAL;C:\Program Files (x86)\Intel\Intel(R) Management Engine Components\IPT;C:\Program Files\Intel\Intel(R) Management Engine Components\IPT;C:\wamp64\bin\mysql\mysql5.7.11\bin;C:\wamp64\bin\php\php7.0.4;C:\Program Files\nodejs\;C:\Program Files\Git\cmd;C:\Program Files\Git\mingw64\bin;C:\Program Files\Git\usr\bin;C:\Program Files (x86)\Skype\Phone\;C:\ProgramData\ComposerSetup\bin;C:\Program Files (x86)\ATI Technologies\ATI.ACE\Core-Static;C:\WINDOWS\system32\config\systemprofile\.dnx\bin;C:\Program Files\Microsoft DNX\Dnvm\;C:\Program Files\Microsoft SQL Server\130\Tools\Binn\;C:\Users\TNation\AppData\Local\atom\bin;C:\Users\TNation\AppData\Roaming\npm;C:\Users\TNation\AppData\Roaming\Composer\vendor\bin;C:\Users\TNation\AppData\Local\Microsoft\WindowsApps;;C:\Program Files (x86)\Microsoft VS Code\bin
10 verbose lifecycle new_npm@1.0.0~dev: CWD: C:\wamp64\www\sunzinet
11 silly lifecycle new_npm@1.0.0~dev: Args: [ '/d /s /c',
11 silly lifecycle   'concurrently --kill-others "npm run watchify" "npm run sync"' ]
12 silly lifecycle new_npm@1.0.0~dev: Returned: code: 1  signal: null
13 info lifecycle new_npm@1.0.0~dev: Failed to exec dev script
14 verbose stack Error: new_npm@1.0.0 dev: `concurrently --kill-others "npm run watchify" "npm run sync"`
14 verbose stack Exit status 1
14 verbose stack     at EventEmitter.<anonymous> (C:\Program Files\nodejs\node_modules\npm\lib\utils\lifecycle.js:242:16)
14 verbose stack     at emitTwo (events.js:106:13)
14 verbose stack     at EventEmitter.emit (events.js:191:7)
14 verbose stack     at ChildProcess.<anonymous> (C:\Program Files\nodejs\node_modules\npm\lib\utils\spawn.js:40:14)
14 verbose stack     at emitTwo (events.js:106:13)
14 verbose stack     at ChildProcess.emit (events.js:191:7)
14 verbose stack     at maybeClose (internal/child_process.js:852:16)
14 verbose stack     at Process.ChildProcess._handle.onexit (internal/child_process.js:215:5)
15 verbose pkgid new_npm@1.0.0
16 verbose cwd C:\wamp64\www\sunzinet
17 error Windows_NT 10.0.14393
18 error argv "C:\\Program Files\\nodejs\\node.exe" "C:\\Program Files\\nodejs\\node_modules\\npm\\bin\\npm-cli.js" "run" "dev"
19 error node v6.3.1
20 error npm  v3.10.3
21 error code ELIFECYCLE
22 error new_npm@1.0.0 dev: `concurrently --kill-others "npm run watchify" "npm run sync"`
22 error Exit status 1
23 error Failed at the new_npm@1.0.0 dev script 'concurrently --kill-others "npm run watchify" "npm run sync"'.
23 error Make sure you have the latest version of node.js and npm installed.
23 error If you do, this is most likely a problem with the new_npm package,
23 error not with npm itself.
23 error Tell the author that this fails on your system:
23 error     concurrently --kill-others "npm run watchify" "npm run sync"
23 error You can get information on how to open an issue for this project with:
23 error     npm bugs new_npm
23 error Or if that isn't available, you can get their info via:
23 error     npm owner ls new_npm
23 error There is likely additional logging output above.
24 verbose exit [ 1, true ]
